<?xml version="1.0" encoding="UTF-8"?>
<testng-results ignored="0" total="1" passed="1" failed="0" skipped="0">
  <reporter-output>
  </reporter-output>
  <suite started-at="2022-03-09T19:51:28 IST" name="Suite" finished-at="2022-03-09T19:51:39 IST" duration-ms="11467">
    <groups>
    </groups>
    <test started-at="2022-03-09T19:51:28 IST" name="Test" finished-at="2022-03-09T19:51:39 IST" duration-ms="11467">
      <class name="testcases.TC001">
        <test-method is-config="true" signature="beforeSuite()[pri:0, instance:testcases.TC001@515aebb0]" started-at="2022-03-09T19:51:28 IST" name="beforeSuite" finished-at="2022-03-09T19:51:28 IST" duration-ms="5" status="PASS">
          <reporter-output>
          </reporter-output>
        </test-method> <!-- beforeSuite -->
        <test-method is-config="true" signature="beforeTest()[pri:0, instance:testcases.TC001@515aebb0]" started-at="2022-03-09T19:51:28 IST" name="beforeTest" finished-at="2022-03-09T19:51:28 IST" duration-ms="112" status="PASS">
          <reporter-output>
          </reporter-output>
        </test-method> <!-- beforeTest -->
        <test-method is-config="true" signature="setValues(java.lang.String)[pri:0, instance:testcases.TC001@515aebb0]" started-at="2022-03-09T19:51:28 IST" name="setValues" finished-at="2022-03-09T19:51:28 IST" duration-ms="3" status="PASS">
          <params>
            <param index="0">
              <value>
                <![CDATA[chrome]]>
              </value>
            </param>
          </params>
          <reporter-output>
          </reporter-output>
        </test-method> <!-- setValues -->
        <test-method is-config="true" signature="beforeMethod()[pri:0, instance:testcases.TC001@515aebb0]" started-at="2022-03-09T19:51:28 IST" name="beforeMethod" finished-at="2022-03-09T19:51:38 IST" duration-ms="9939" status="PASS">
          <reporter-output>
          </reporter-output>
        </test-method> <!-- beforeMethod -->
        <test-method signature="loginOpentaps(java.lang.String,java.lang.String,java.lang.String,java.lang.String,java.lang.String,java.lang.String)[pri:0, instance:testcases.TC001@515aebb0]" started-at="2022-03-09T19:51:38 IST" name="loginOpentaps" data-provider="fetchData" finished-at="2022-03-09T19:51:39 IST" duration-ms="991" status="PASS">
          <params>
            <param index="0">
              <value>
                <![CDATA[z004457]]>
              </value>
            </param>
            <param index="1">
              <value>
                <![CDATA[z004457]]>
              </value>
            </param>
            <param index="2">
              <value>
                <![CDATA[0011]]>
              </value>
            </param>
            <param index="3">
              <value>
                <![CDATA[1222]]>
              </value>
            </param>
            <param index="4">
              <value>
                <![CDATA[1111111]]>
              </value>
            </param>
            <param index="5">
              <value>
                <![CDATA[BAC-O-1222]]>
              </value>
            </param>
          </params>
          <reporter-output>
          </reporter-output>
        </test-method> <!-- loginOpentaps -->
        <test-method is-config="true" signature="afterMethod()[pri:0, instance:testcases.TC001@515aebb0]" started-at="2022-03-09T19:51:39 IST" name="afterMethod" finished-at="2022-03-09T19:51:39 IST" duration-ms="1" status="PASS">
          <reporter-output>
          </reporter-output>
        </test-method> <!-- afterMethod -->
        <test-method is-config="true" signature="afterTest()[pri:0, instance:testcases.TC001@515aebb0]" started-at="2022-03-09T19:51:39 IST" name="afterTest" finished-at="2022-03-09T19:51:39 IST" duration-ms="54" status="PASS">
          <reporter-output>
          </reporter-output>
        </test-method> <!-- afterTest -->
        <test-method is-config="true" signature="afterSuite()[pri:0, instance:testcases.TC001@515aebb0]" started-at="2022-03-09T19:51:39 IST" name="afterSuite" finished-at="2022-03-09T19:51:40 IST" duration-ms="217" status="PASS">
          <reporter-output>
          </reporter-output>
        </test-method> <!-- afterSuite -->
      </class> <!-- testcases.TC001 -->
    </test> <!-- Test -->
  </suite> <!-- Suite -->
</testng-results>
